000 76 LBL
001 14 D  
002 47 CMS
003 42 STO
004 09 09 
005 01 1  
006 42 STO
007 10 10 
008 02 2  
009 00 0  
010 42 STO
011 13 13 
012 01 1  
013 06 6  
014 42 STO
015 11 11 
016 71 SBR
017 59 INT
018 09 9  
019 22 INV
020 77 GE 
021 00 0  
022 16 A' 
023 01 1  
024 00 0  
025 64 PD*
026 12 12 
027 06 6  
028 42 STO
029 11 11 
030 36 PGM
031 15 15 
032 13 C  
033 59 INT
034 74 SM*
035 12 12 
036 97 DSZ
037 13 13 
038 00 00 
039 12 12 
040 03 3  
041 42 STO
042 13 13 
043 01 1  
044 06 6  
045 42 STO
046 11 11 
047 76 LBL
048 18 C' 
049 71 SBR
050 59 INT
051 25 CLR
052 67 EQ 
053 18 C' 
054 77 GE 
055 18 C' 
056 01 1  
057 94 +/-
058 64 PD*
059 12 12 
060 97 DSZ
061 13 13 
062 18 C' 
063 01 1  
064 05 5  
065 42 STO
066 13 13 
067 05 5  
068 42 STO
069 11 11 
070 04 4  
071 00 0  
072 42 STO
073 14 14 
074 58 FIX
075 02 2  
076 61 GTO
077 28 LOG
078 76 LBL
079 59 INT
080 36 PGM
081 15 15 
082 13 C  
083 85 +  
084 01 1  
085 04 4  
086 95 =  
087 42 STO
088 12 12 
089 73 RC*
090 12 12 
091 32 X/T
092 92 RTN
093 76 LBL
094 11 A  
095 85 +  
096 01 1  
097 04 4  
098 95 =  
099 42 STO
100 01 01 
101 75 -  
102 43 RCL
103 13 13 
104 95 =  
105 50 IXI
106 32 X/T
107 01 1  
108 67 EQ 
109 01 01 
110 15 15 
111 05 5  
112 22 INV
113 67 EQ 
114 28 LOG
115 43 RCL
116 01 01 
117 42 STO
118 13 13 
119 76 LBL
120 28 LOG
121 73 RC*
122 13 13 
123 50 IXI
124 42 STO
125 12 12 
126 55 /  
127 01 1  
128 00 0  
129 00 0  
130 75 -  
131 01 1  
132 04 4  
133 85 +  
134 43 RCL
135 13 13 
136 95 =  
137 92 RTN
138 76 LBL
139 13 C  
140 25 CLR
141 32 X/T
142 43 RCL
143 12 12 
144 55 /  
145 01 1  
146 00 0  
147 95 =  
148 67 EQ 
149 28 LOG
150 22 INV
151 59 INT
152 65 *  
153 01 1  
154 00 0  
155 95 =  
156 42 STO
157 12 12 
158 36 PGM
159 15 15 
160 13 C  
161 59 INT
162 32 X/T
163 01 1  
164 67 EQ 
165 01 01 
166 96 96 
167 04 4  
168 22 INV
169 67 EQ 
170 01 01 
171 85 85 
172 25 CLR
173 42 STO
174 12 12 
175 25 CLR
176 32 X/T
177 73 RC*
178 13 13 
179 77 GE 
180 01 01 
181 84 84 
182 69 OP 
183 20 20 
184 55 /  
185 01 1  
186 00 0  
187 95 =  
188 59 INT
189 72 ST*
190 13 13 
191 77 GE 
192 01 01 
193 96 96 
194 69 OP 
195 30 30 
196 43 RCL
197 12 12 
198 22 INV
199 44 SUM
200 14 14 
201 43 RCL
202 14 14 
203 32 X/T
204 25 CLR
205 42 STO
206 12 12 
207 77 GE 
208 02 02 
209 20 20 
210 43 RCL
211 00 00 
212 32 X/T
213 02 2  
214 77 GE 
215 28 LOG
216 93 .  
217 09 9  
218 09 9  
219 92 RTN
220 01 1  
221 22 INV
222 58 FIX
223 55 /  
224 00 0  
225 95 =  
226 92 RTN
227 76 LBL
228 15 E  
229 43 RCL
230 14 14 
231 55 /  
232 01 1  
233 00 0  
234 00 0  
235 85 +  
236 43 RCL
237 00 00 
238 95 =  
239 92 RTN
